<?xml version="1.0" encoding="UTF-8"?>
<!-- Generated by org.testng.reporters.JUnitXMLReporter -->
<testsuite ignored="2" hostname="ting" failures="3" tests="4" name="Default test(failed)(failed)" time="38.678" errors="0" timestamp="2022-10-21T21:50:10 IST">
  <testcase classname="TestCases.FailedTest" name="verifyTitleTest" time="0.094">
    <failure type="java.lang.AssertionError" message="expected:&amp;lt;Swag Labs&amp;gt; but was:&amp;lt;1Swag Labs&amp;gt;">
      <![CDATA[java.lang.AssertionError: expected:<Swag Labs> but was:<1Swag Labs>
at TestCases.FailedTest.verifyTitleTest(FailedTest.java:74)
at java.base/java.util.ArrayList.forEach(ArrayList.java:1541)
... Removed 29 stack frames]]>
    </failure>
  </testcase> <!-- verifyTitleTest -->
  <testcase classname="TestCases.FailedTest" name="verifyloginLogoTest" time="0.069"/>
  <testcase classname="TestCases.FailedTest" name="loginToApp2Test" time="0.715">
    <failure type="java.lang.AssertionError" message="expected:&amp;lt;https://www.saucedemo.com/inventory.html&amp;gt; but was:&amp;lt;1https://www.saucedemo.com/inventory.html&amp;gt;">
      <![CDATA[java.lang.AssertionError: expected:<https://www.saucedemo.com/inventory.html> but was:<1https://www.saucedemo.com/inventory.html>
at TestCases.FailedTest.loginToApp2Test(FailedTest.java:56)
at java.base/java.util.ArrayList.forEach(ArrayList.java:1541)
... Removed 29 stack frames]]>
    </failure>
  </testcase> <!-- loginToApp2Test -->
  <testcase classname="TestCases.FailedTest" name="verifyBotLogoTest" time="0.057">
    <failure type="java.lang.AssertionError" message="expected:&amp;lt;true&amp;gt; but was:&amp;lt;false&amp;gt;">
      <![CDATA[java.lang.AssertionError: expected:<true> but was:<false>
at TestCases.FailedTest.verifyBotLogoTest(FailedTest.java:39)
at java.base/java.util.ArrayList.forEach(ArrayList.java:1541)
... Removed 32 stack frames]]>
    </failure>
  </testcase> <!-- verifyBotLogoTest -->
  <testcase classname="TestCases.FailedTest" name="verifyURLTest" time="0.0">
    <ignored/>
  </testcase> <!-- verifyURLTest -->
  <testcase classname="TestCases.FailedTest" name="loginToApp1Test" time="0.0">
    <ignored/>
  </testcase> <!-- loginToApp1Test -->
</testsuite> <!-- Default test(failed)(failed) -->
