<?xml version="1.0" encoding="UTF-8"?>
<!-- Generated by org.testng.reporters.JUnitXMLReporter -->
<testsuite ignored="3" hostname="ting" failures="1" tests="3" name="Default test(failed)(failed)(failed)" time="29.657" errors="0" timestamp="2022-10-21T21:52:21 IST">
  <testcase classname="TestCases.FailedTest" name="verifyTitleTest" time="0.073">
    <failure type="java.lang.AssertionError" message="expected:&amp;lt;Swag Labs&amp;gt; but was:&amp;lt;1Swag Labs&amp;gt;">
      <![CDATA[java.lang.AssertionError: expected:<Swag Labs> but was:<1Swag Labs>
at TestCases.FailedTest.verifyTitleTest(FailedTest.java:74)
at java.base/java.util.ArrayList.forEach(ArrayList.java:1541)
... Removed 29 stack frames]]>
    </failure>
  </testcase> <!-- verifyTitleTest -->
  <testcase classname="TestCases.FailedTest" name="loginToApp2Test" time="0.712"/>
  <testcase classname="TestCases.FailedTest" name="verifyBotLogoTest" time="0.14"/>
  <testcase classname="TestCases.FailedTest" name="verifyURLTest" time="0.0">
    <ignored/>
  </testcase> <!-- verifyURLTest -->
  <testcase classname="TestCases.FailedTest" name="loginToApp1Test" time="0.0">
    <ignored/>
  </testcase> <!-- loginToApp1Test -->
  <testcase classname="TestCases.FailedTest" name="verifyloginLogoTest" time="0.0">
    <ignored/>
  </testcase> <!-- verifyloginLogoTest -->
</testsuite> <!-- Default test(failed)(failed)(failed) -->
